2019-01-16 11:51:08 [] [INFO] [2236] Temperature : -11.5 /Pressure : 150 /Entrance light : false /Outdoor Light : false
2019-01-16 11:51:15 [] [INFO] [2323] Temperature : -11.5 /Pressure : 150 /Entrance light : false /Outdoor Light : false
2019-01-16 12:45:56 [] [INFO] [5188] Temperature : -11.5 /Pressure : 150 /Entrance light : false /Outdoor Light : true
2019-01-16 13:03:37 [] [INFO] [6500] Temperature : -11.5 /Pressure : 150 /Entrance light : false /Outdoor Light : false
2019-01-16 13:05:58 [] [INFO] [8960] Temperature : -11.5 /Pressure : 150 /Entrance light : false /Outdoor Light : false
2019-01-16 13:06:02 [] [INFO] [7747] Temperature : -11.5 /Pressure : 150 /Entrance light : false /Outdoor Light : false
2019-01-16 13:08:35 [] [INFO] [1895] Temperature : -11.5 /Pressure : 150 /Entrance light : false /Outdoor Light : true
2019-01-16 13:29:07 [] [INFO] [7490] Temperature : -11.5 /Pressure : 150 /Entrance light : false /Outdoor Light : false
2019-01-16 13:31:02 [] [INFO] [5521] Temperature : -11.5 /Pressure : 150 /Entrance light : false /Outdoor Light : true
2019-01-16 13:31:02 [] [INFO] [1193] Temperature : -11.5 /Pressure : 150 /Entrance light : false /Outdoor Light : false
2019-01-16 13:32:38 [] [INFO] [9877] Temperature : -11.5 /Pressure : 150 /Entrance light : true /Outdoor Light : false
2019-01-16 13:32:38 [] [INFO] [3575] Temperature : -11.5 /Pressure : 150 /Entrance light : true /Outdoor Light : true
2019-01-16 13:37:59 [] [INFO] [6406] Temperature : -11.5 /Pressure : 150 /Entrance light : false /Outdoor Light : false
2019-01-16 13:38:03 [] [INFO] [5669] Temperature : -11.5 /Pressure : 150 /Entrance light : false /Outdoor Light : true
2019-01-16 13:38:07 [] [INFO] [6948] Temperature : -11.5 /Pressure : 150 /Entrance light : false /Outdoor Light : false
2019-01-16 13:40:48 [] [INFO] [6253] Temperature : -11.5 /Pressure : 150 /Entrance light : false /Outdoor Light : false
2019-01-16 13:40:51 [] [INFO] [2429] Temperature : -11.5 /Pressure : 150 /Entrance light : false /Outdoor Light : false
2019-01-16 13:40:51 [] [INFO] [3978] Temperature : -11.5 /Pressure : 150 /Entrance light : false /Outdoor Light : true
2019-01-16 13:41:19 [] [INFO] [8493] Temperature : -11.5 /Pressure : 150 /Entrance light : false /Outdoor Light : false
2019-01-16 13:41:27 [] [INFO] [9383] Temperature : -11.5 /Pressure : 150 /Entrance light : false /Outdoor Light : true
2019-01-16 13:41:27 [] [INFO] [8290] Temperature : -11.5 /Pressure : 150 /Entrance light : false /Outdoor Light : false
2019-01-16 13:41:31 [] [INFO] [9167] Temperature : -11.5 /Pressure : 150 /Entrance light : true /Outdoor Light : false
2019-01-16 13:41:31 [] [INFO] [8165] Temperature : -11.5 /Pressure : 150 /Entrance light : true /Outdoor Light : true
2019-01-16 13:43:46 [] [INFO] [2771] Temperature : -11.5 /Pressure : 150 /Entrance light : false /Outdoor Light : false
2019-01-16 13:43:57 [] [INFO] [6429] Temperature : -11.5 /Pressure : 150 /Entrance light : false /Outdoor Light : true
2019-01-16 13:44:31 [] [INFO] [9572] Temperature : -11.5 /Pressure : 150 /Entrance light : false /Outdoor Light : true
2019-01-16 13:44:38 [] [INFO] [9703] Temperature : -11.5 /Pressure : 150 /Entrance light : true /Outdoor Light : true
2019-01-16 13:44:40 [] [INFO] [8618] Temperature : -11.5 /Pressure : 150 /Entrance light : true /Outdoor Light : false
2019-01-16 13:44:47 [] [INFO] [9536] Temperature : -11.5 /Pressure : 150 /Entrance light : false /Outdoor Light : false
2019-01-16 13:44:47 [] [INFO] [5446] Temperature : -11.5 /Pressure : 150 /Entrance light : false /Outdoor Light : true
2019-01-16 13:47:16 [] [INFO] [7908] Temperature : -11.5 /Pressure : 150 /Entrance light : false /Outdoor Light : true
2019-01-16 13:48:51 [] [INFO] [4912] Temperature : -11.5 /Pressure : 150 /Entrance light : false /Outdoor Light : true
2019-01-16 13:49:33 [] [INFO] [7330] Temperature : -11.5 /Pressure : 150 /Entrance light : false /Outdoor Light : false
2019-01-16 13:49:36 [] [INFO] [6504] Temperature : -11.5 /Pressure : 150 /Entrance light : false /Outdoor Light : false
2019-01-16 13:49:36 [] [INFO] [7174] Temperature : -11.5 /Pressure : 150 /Entrance light : false /Outdoor Light : true
2019-01-16 13:49:39 [] [INFO] [9641] Temperature : -11.5 /Pressure : 150 /Entrance light : true /Outdoor Light : true
2019-01-16 13:49:39 [] [INFO] [7765] Temperature : -11.5 /Pressure : 150 /Entrance light : true /Outdoor Light : false
2019-01-16 13:50:02 [] [INFO] [8721] Temperature : -11.5 /Pressure : 150 /Entrance light : false /Outdoor Light : true
2019-01-16 13:50:05 [] [INFO] [6671] Temperature : -11.5 /Pressure : 150 /Entrance light : true /Outdoor Light : true
2019-01-16 13:50:05 [] [INFO] [1265] Temperature : -11.5 /Pressure : 150 /Entrance light : true /Outdoor Light : false
2019-01-16 13:50:09 [] [INFO] [1671] Temperature : -11.5 /Pressure : 150 /Entrance light : false /Outdoor Light : false
2019-01-16 13:50:09 [] [INFO] [9672] Temperature : -11.5 /Pressure : 150 /Entrance light : false /Outdoor Light : true
2019-01-16 13:50:27 [] [INFO] [1647] Temperature : -11.5 /Pressure : 150 /Entrance light : true /Outdoor Light : true
2019-01-16 13:50:27 [] [INFO] [3050] Temperature : -11.5 /Pressure : 150 /Entrance light : true /Outdoor Light : false
2019-01-16 13:50:30 [] [INFO] [5381] Temperature : -11.5 /Pressure : 150 /Entrance light : false /Outdoor Light : false
2019-01-16 13:50:30 [] [INFO] [8756] Temperature : -11.5 /Pressure : 150 /Entrance light : false /Outdoor Light : true
2019-01-16 13:50:46 [] [INFO] [4106] Temperature : -11.5 /Pressure : 150 /Entrance light : true /Outdoor Light : true
2019-01-16 13:50:46 [] [INFO] [9611] Temperature : -11.5 /Pressure : 150 /Entrance light : true /Outdoor Light : false
2019-01-16 13:50:58 [] [INFO] [7041] Temperature : -11.5 /Pressure : 150 /Entrance light : true /Outdoor Light : true
2019-01-16 13:51:01 [] [INFO] [3383] Temperature : -11.5 /Pressure : 150 /Entrance light : false /Outdoor Light : true
2019-01-16 13:54:50 [] [INFO] [4237] Temperature : -11.5 /Pressure : 150 /Entrance light : false /Outdoor Light : false
2019-01-16 13:55:56 [] [INFO] [4340] Temperature : -11.5 /Pressure : 150 /Entrance light : false /Outdoor Light : false
2019-01-16 13:55:59 [] [INFO] [5674] Temperature : -11.5 /Pressure : 150 /Entrance light : false /Outdoor Light : false
2019-01-16 13:55:59 [] [INFO] [4117] Temperature : -11.5 /Pressure : 150 /Entrance light : false /Outdoor Light : true
2019-01-16 13:57:10 [] [INFO] [5075] Temperature : -11.5 /Pressure : 150 /Entrance light : true /Outdoor Light : true
2019-01-16 13:57:10 [] [INFO] [2381] Temperature : -11.5 /Pressure : 150 /Entrance light : true /Outdoor Light : false
2019-01-16 14:04:48 [] [INFO] [8220] Temperature : -11.5 /Pressure : 150 /Entrance light : false /Outdoor Light : true
2019-01-16 14:04:56 [] [INFO] [5409] Temperature : -11.5 /Pressure : 150 /Entrance light : true /Outdoor Light : true
2019-01-16 14:04:56 [] [INFO] [7828] Temperature : -11.5 /Pressure : 150 /Entrance light : true /Outdoor Light : false
2019-01-16 14:09:37 [] [INFO] [8579] Temperature : -11.5 /Pressure : 150 /Entrance light : false /Outdoor Light : false
2019-01-16 14:09:41 [] [INFO] [7123] Temperature : -11.5 /Pressure : 150 /Entrance light : false /Outdoor Light : true
2019-01-16 14:09:48 [] [INFO] [6016] Temperature : -11.5 /Pressure : 107 /Entrance light : false /Outdoor Light : true
2019-01-16 15:06:07 [] [INFO] [5084] Temperature : -11.5 /Pressure : 150 /Entrance light : false /Outdoor Light : true
2019-01-16 15:09:28 [] [INFO] [7439] Temperature : -11.5 /Pressure : 50 /Entrance light : false /Outdoor Light : true
2019-01-16 15:36:59 [] [INFO] [7649] Temperature : -11.5 /Pressure : 150 /Entrance light : false /Outdoor Light : true
2019-01-16 15:37:11 [] [INFO] [7077] Temperature : -11.5 /Pressure : 150 /Entrance light : false /Outdoor Light : true
2019-01-16 15:37:13 [] [INFO] [9809] Temperature : -11.5 /Pressure : 150 /Entrance light : false /Outdoor Light : false
2019-01-16 15:37:15 [] [INFO] [1027] Temperature : -11.5 /Pressure : 150 /Entrance light : true /Outdoor Light : false
2019-01-16 15:37:29 [] [INFO] [1475] Temperature : -11.5 /Pressure : 150 /Entrance light : false /Outdoor Light : false
2019-01-16 15:37:29 [] [INFO] [4720] Temperature : -11.5 /Pressure : 150 /Entrance light : false /Outdoor Light : true
2019-01-16 15:37:31 [] [INFO] [6937] Temperature : -11.5 /Pressure : 150 /Entrance light : true /Outdoor Light : true
2019-01-16 15:37:31 [] [INFO] [6875] Temperature : -11.5 /Pressure : 150 /Entrance light : true /Outdoor Light : false
2019-01-16 15:37:35 [] [INFO] [1653] Temperature : -11.5 /Pressure : 150 /Entrance light : false /Outdoor Light : false
2019-01-16 15:37:35 [] [INFO] [9956] Temperature : -11.5 /Pressure : 150 /Entrance light : false /Outdoor Light : true
2019-01-16 15:37:38 [] [INFO] [3298] Temperature : -11.5 /Pressure : 150 /Entrance light : true /Outdoor Light : true
2019-01-16 15:37:38 [] [INFO] [4636] Temperature : -11.5 /Pressure : 150 /Entrance light : true /Outdoor Light : false
2019-01-16 15:42:02 [] [INFO] [4174] Temperature : -11.5 /Pressure : 150 /Entrance light : false /Outdoor Light : false
2019-01-16 15:42:10 [] [INFO] [5332] Temperature : -11.5 /Pressure : 150 /Entrance light : true /Outdoor Light : false
2019-01-16 15:45:35 [] [INFO] [2448] Temperature : -11.5 /Pressure : 150 /Entrance light : false /Outdoor Light : false
2019-01-16 15:45:35 [] [INFO] [6839] Temperature : -11.5 /Pressure : 150 /Entrance light : false /Outdoor Light : true
2019-01-16 15:46:19 [] [INFO] [2911] Temperature : -11.5 /Pressure : 150 /Entrance light : true /Outdoor Light : true
2019-01-16 15:53:22 [] [INFO] [2263] Temperature : -11.5 /Pressure : 150 /Entrance light : true /Outdoor Light : false
2019-01-16 15:55:48 [] [INFO] [8863] Temperature : -11.5 /Pressure : 150 /Entrance light : true /Outdoor Light : true
2019-01-16 15:56:07 [] [INFO] [5679] Temperature : -11.5 /Pressure : 150 /Entrance light : false /Outdoor Light : true
2019-01-16 16:00:01 [] [INFO] [8340] Temperature : -11.5 /Pressure : 150 /Entrance light : true /Outdoor Light : true
2019-01-16 16:00:03 [] [INFO] [2643] Temperature : -11.5 /Pressure : 150 /Entrance light : true /Outdoor Light : false
2019-01-21 15:03:57 [] [INFO] [7777] Temperature : -11.5 /Pressure : 150 /Entrance light : false /Outdoor Light : true
2019-01-21 15:04:03 [] [INFO] [6853] Temperature : -11.5 /Pressure : 150 /Entrance light : false /Outdoor Light : false
2019-01-21 15:07:17 [] [INFO] [9650] Temperature : -11.5 /Pressure : 150 /Entrance light : false /Outdoor Light : true
2019-01-21 15:07:24 [] [INFO] [9831] Temperature : -11.5 /Pressure : 150 /Entrance light : true /Outdoor Light : true
2019-01-21 15:07:26 [] [INFO] [9692] Temperature : -11.5 /Pressure : 150 /Entrance light : true /Outdoor Light : false
2019-01-21 15:07:30 [] [INFO] [8784] Temperature : -11.5 /Pressure : 150 /Entrance light : false /Outdoor Light : false
2019-01-21 15:07:30 [] [INFO] [5283] Temperature : -11.5 /Pressure : 150 /Entrance light : false /Outdoor Light : true
2019-01-21 15:08:20 [] [INFO] [8440] Temperature : -11.5 /Pressure : 150 /Entrance light : false /Outdoor Light : false
2019-01-21 15:14:43 [] [INFO] [5113] Temperature : -11.5 /Pressure : 150 /Entrance light : false /Outdoor Light : true
2019-01-21 15:19:26 [] [INFO] [6029] Temperature : -11.5 /Pressure : 150 /Entrance light : false /Outdoor Light : true
2019-01-21 15:19:49 [] [INFO] [2416] Temperature : -11.5 /Pressure : 150 /Entrance light : false /Outdoor Light : false
2019-01-21 15:21:46 [] [INFO] [2839] Temperature : -11.5 /Pressure : 150 /Entrance light : false /Outdoor Light : true
2019-01-21 15:21:49 [] [INFO] [8950] Temperature : -11.5 /Pressure : 150 /Entrance light : false /Outdoor Light : false
2019-01-21 15:22:02 [] [INFO] [4715] Temperature : -11.5 /Pressure : 150 /Entrance light : true /Outdoor Light : false
2019-01-21 15:37:05 [] [INFO] [8449] Temperature : -11.5 /Pressure : 150 /Entrance light : false /Outdoor Light : true
2019-01-21 15:40:17 [] [INFO] [7831] Temperature : -11.5 /Pressure : 150 /Entrance light : true /Outdoor Light : true
2019-01-21 15:43:00 [] [INFO] [7631] Temperature : -11.5 /Pressure : 150 /Entrance light : false /Outdoor Light : true
2019-01-21 15:43:02 [] [INFO] [3107] Temperature : -11.5 /Pressure : 150 /Entrance light : true /Outdoor Light : true
2019-01-21 15:51:56 [] [WARNING] 0
2019-01-21 15:54:26 [] [INFO] [2228] Temperature :  /Pressure :  /Entrance light :  /Outdoor Light : 
2019-01-21 15:55:36 [] [INFO] [2166] Temperature :  /Pressure :  /Entrance light :  /Outdoor Light : 
2019-01-21 15:55:44 [] [INFO] [7493] Temperature :  /Pressure :  /Entrance light :  /Outdoor Light : 
2019-01-21 15:55:48 [] [INFO] [7780] Temperature :  /Pressure :  /Entrance light :  /Outdoor Light : 
2019-01-21 15:55:54 [] [INFO] [6728] Temperature :  /Pressure :  /Entrance light :  /Outdoor Light : 
2019-01-21 15:56:19 [] [INFO] [9595] Temperature :  /Pressure :  /Entrance light :  /Outdoor Light : 
2019-01-21 16:06:18 [] [INFO] [3532] Temperature :  /Pressure :  /Entrance light :  /Outdoor Light : 
2019-01-21 16:07:51 [] [INFO] [3043] Temperature :  /Pressure :  /Entrance light :  /Outdoor Light : 
2019-01-21 16:08:36 [] [INFO] [8728] Temperature :  /Pressure :  /Entrance light :  /Outdoor Light : 
2019-01-21 16:09:07 [] [INFO] [5969] Temperature :  /Pressure :  /Entrance light :  /Outdoor Light : 
2019-01-21 16:09:54 [] [INFO] [4419] Temperature :  /Pressure :  /Entrance light :  /Outdoor Light : 
2019-01-21 16:13:38 [] [WARNING] 0
2019-01-21 16:14:25 [] [WARNING] 0
2019-01-21 16:14:53 [] [WARNING] 0
2019-01-21 16:16:12 [] [INFO] [6618] Temperature :  /Pressure :  /Entrance light :  /Outdoor Light : true
2019-01-21 16:27:24 [] [INFO] [7662] Temperature : -11.5 /Pressure :  /Entrance light :  /Outdoor Light : 
2019-01-21 16:29:05 [] [INFO] [1040] Temperature : -11.5 /Pressure : 150 /Entrance light : false /Outdoor Light : true
2019-01-21 16:29:07 [] [INFO] [1031] Temperature : -11.5 /Pressure : 150 /Entrance light : false /Outdoor Light : false
2019-01-21 16:29:13 [] [INFO] [2464] Temperature : -11.5 /Pressure : 150 /Entrance light : true /Outdoor Light : false
2019-01-21 16:29:14 [] [INFO] [4876] Temperature : -11.5 /Pressure : 150 /Entrance light : true /Outdoor Light : true
2019-01-21 16:29:14 [] [INFO] [5522] Temperature : -11.5 /Pressure : 150 /Entrance light : false /Outdoor Light : true
2019-01-21 16:29:16 [] [INFO] [5972] Temperature : -11.5 /Pressure : 150 /Entrance light : true /Outdoor Light : true
2019-01-21 16:29:17 [] [INFO] [7492] Temperature : -11.5 /Pressure : 150 /Entrance light : true /Outdoor Light : false
2019-01-21 16:29:44 [] [INFO] [5406] Temperature : -11.5 /Pressure : 150 /Entrance light : false /Outdoor Light : false
